<?xml version="1.0" encoding="UTF-8"?>
<testsuite xmlns:xsi="http://www.w3.org/2001/XMLSchema-instance" xsi:noNamespaceSchemaLocation="https://maven.apache.org/surefire/maven-surefire-plugin/xsd/surefire-test-report-3.0.xsd" version="3.0" name="com.example.workflowhub.WorkflowHubApplicationTests" time="1.448" tests="1" errors="0" skipped="0" failures="0">
  <properties>
[...]
</properties>
  <testcase name="contextLoads" classname="com.example.workflowhub.WorkflowHubApplicationTests" time="0.341">
    <system-out><![CDATA[22:55:52.828 [main] INFO org.springframework.test.context.support.AnnotationConfigContextLoaderUtils -- Could not detect default configuration classes for test class [com.example.workflowhub.WorkflowHubApplicationTests]: WorkflowHubApplicationTests does not declare any static, non-private, non-final, nested classes annotated with @Configuration.
22:55:52.893 [main] INFO org.springframework.boot.test.context.SpringBootTestContextBootstrapper -- Found @SpringBootConfiguration com.example.workflowhub.WorkflowHubApplication for test class com.example.workflowhub.WorkflowHubApplicationTests

  .   ____          _            __ _ _
 /\\ / ___'_ __ _ _(_)_ __  __ _ \ \ \ \
( ( )\___ | '_ | '_| | '_ \/ _` | \ \ \ \
 \\/  ___)| |_)| | | | | || (_| |  ) ) ) )
  '  |____| .__|_| |_|_| |_\__, | / / / /
 =========|_|==============|___/=/_/_/_/

 :: Spring Boot ::                (v3.3.7)

2026-07-06T22:55:53.124+05:30  INFO 17060 --- [developer-workflow-api] [           main] c.e.w.WorkflowHubApplicationTests        : Starting WorkflowHubApplicationTests using Java 26.0.1 with PID 17060 (started by rreddy in C:\Users\rreddy\Desktop\ppt_schedule\developer-workflow-api)
2026-07-06T22:55:53.125+05:30  INFO 17060 --- [developer-workflow-api] [           main] c.e.w.WorkflowHubApplicationTests        : No active profile set, falling back to 1 default profile: "default"
2026-07-06T22:55:53.844+05:30  INFO 17060 --- [developer-workflow-api] [           main] c.e.w.WorkflowHubApplicationTests        : Started WorkflowHubApplicationTests in 0.874 seconds (process running for 1.438)
]]></system-out>
    <system-err><![CDATA[WARNING: A Java agent has been loaded dynamically (C:\Users\rreddy\.m2\repository\net\bytebuddy\byte-buddy-agent\1.14.19\byte-buddy-agent-1.14.19.jar)
WARNING: If a serviceability tool is in use, please run with -XX:+EnableDynamicAgentLoading to hide this warning
WARNING: If a serviceability tool is not in use, please run with -Djdk.instrument.traceUsage for more information
WARNING: Dynamic loading of agents will be disallowed by default in a future release
]]></system-err>
  </testcase>
</testsuite>